ARM GAS  C:\Users\86180\AppData\Local\Temp\ccHTE8lS.s 			page 1


   1              		.cpu cortex-m4
   2              		.arch armv7e-m
   3              		.fpu fpv4-sp-d16
   4              		.eabi_attribute 27, 1
   5              		.eabi_attribute 28, 1
   6              		.eabi_attribute 20, 1
   7              		.eabi_attribute 21, 1
   8              		.eabi_attribute 23, 3
   9              		.eabi_attribute 24, 1
  10              		.eabi_attribute 25, 1
  11              		.eabi_attribute 26, 1
  12              		.eabi_attribute 30, 1
  13              		.eabi_attribute 34, 1
  14              		.eabi_attribute 18, 4
  15              		.file	"can.c"
  16              		.text
  17              	.Ltext0:
  18              		.cfi_sections	.debug_frame
  19              		.section	.text.MX_CAN1_Init,"ax",%progbits
  20              		.align	1
  21              		.global	MX_CAN1_Init
  22              		.syntax unified
  23              		.thumb
  24              		.thumb_func
  26              	MX_CAN1_Init:
  27              	.LFB130:
  28              		.file 1 "Core/Src/can.c"
   1:Core/Src/can.c **** /* USER CODE BEGIN Header */
   2:Core/Src/can.c **** /**
   3:Core/Src/can.c ****   ******************************************************************************
   4:Core/Src/can.c ****   * @file    can.c
   5:Core/Src/can.c ****   * @brief   This file provides code for the configuration
   6:Core/Src/can.c ****   *          of the CAN instances.
   7:Core/Src/can.c ****   ******************************************************************************
   8:Core/Src/can.c ****   * @attention
   9:Core/Src/can.c ****   *
  10:Core/Src/can.c ****   * Copyright (c) 2022 STMicroelectronics.
  11:Core/Src/can.c ****   * All rights reserved.
  12:Core/Src/can.c ****   *
  13:Core/Src/can.c ****   * This software is licensed under terms that can be found in the LICENSE file
  14:Core/Src/can.c ****   * in the root directory of this software component.
  15:Core/Src/can.c ****   * If no LICENSE file comes with this software, it is provided AS-IS.
  16:Core/Src/can.c ****   *
  17:Core/Src/can.c ****   ******************************************************************************
  18:Core/Src/can.c ****   */
  19:Core/Src/can.c **** /* USER CODE END Header */
  20:Core/Src/can.c **** /* Includes ------------------------------------------------------------------*/
  21:Core/Src/can.c **** #include "can.h"
  22:Core/Src/can.c **** 
  23:Core/Src/can.c **** /* USER CODE BEGIN 0 */
  24:Core/Src/can.c **** 
  25:Core/Src/can.c **** /* USER CODE END 0 */
  26:Core/Src/can.c **** 
  27:Core/Src/can.c **** CAN_HandleTypeDef hcan1;
  28:Core/Src/can.c **** CAN_HandleTypeDef hcan2;
  29:Core/Src/can.c **** 
  30:Core/Src/can.c **** /* CAN1 init function */
ARM GAS  C:\Users\86180\AppData\Local\Temp\ccHTE8lS.s 			page 2


  31:Core/Src/can.c **** void MX_CAN1_Init(void)
  32:Core/Src/can.c **** {
  29              		.loc 1 32 1 view -0
  30              		.cfi_startproc
  31              		@ args = 0, pretend = 0, frame = 0
  32              		@ frame_needed = 0, uses_anonymous_args = 0
  33 0000 08B5     		push	{r3, lr}
  34              	.LCFI0:
  35              		.cfi_def_cfa_offset 8
  36              		.cfi_offset 3, -8
  37              		.cfi_offset 14, -4
  33:Core/Src/can.c **** 
  34:Core/Src/can.c ****   /* USER CODE BEGIN CAN1_Init 0 */
  35:Core/Src/can.c **** 
  36:Core/Src/can.c ****   /* USER CODE END CAN1_Init 0 */
  37:Core/Src/can.c **** 
  38:Core/Src/can.c ****   /* USER CODE BEGIN CAN1_Init 1 */
  39:Core/Src/can.c **** 
  40:Core/Src/can.c ****   /* USER CODE END CAN1_Init 1 */
  41:Core/Src/can.c ****   hcan1.Instance = CAN1;
  38              		.loc 1 41 3 view .LVU1
  39              		.loc 1 41 18 is_stmt 0 view .LVU2
  40 0002 0B48     		ldr	r0, .L5
  41 0004 0B4B     		ldr	r3, .L5+4
  42 0006 0360     		str	r3, [r0]
  42:Core/Src/can.c ****   hcan1.Init.Prescaler = 16;
  43              		.loc 1 42 3 is_stmt 1 view .LVU3
  44              		.loc 1 42 24 is_stmt 0 view .LVU4
  45 0008 1023     		movs	r3, #16
  46 000a 4360     		str	r3, [r0, #4]
  43:Core/Src/can.c ****   hcan1.Init.Mode = CAN_MODE_NORMAL;
  47              		.loc 1 43 3 is_stmt 1 view .LVU5
  48              		.loc 1 43 19 is_stmt 0 view .LVU6
  49 000c 0023     		movs	r3, #0
  50 000e 8360     		str	r3, [r0, #8]
  44:Core/Src/can.c ****   hcan1.Init.SyncJumpWidth = CAN_SJW_1TQ;
  51              		.loc 1 44 3 is_stmt 1 view .LVU7
  52              		.loc 1 44 28 is_stmt 0 view .LVU8
  53 0010 C360     		str	r3, [r0, #12]
  45:Core/Src/can.c ****   hcan1.Init.TimeSeg1 = CAN_BS1_1TQ;
  54              		.loc 1 45 3 is_stmt 1 view .LVU9
  55              		.loc 1 45 23 is_stmt 0 view .LVU10
  56 0012 0361     		str	r3, [r0, #16]
  46:Core/Src/can.c ****   hcan1.Init.TimeSeg2 = CAN_BS2_1TQ;
  57              		.loc 1 46 3 is_stmt 1 view .LVU11
  58              		.loc 1 46 23 is_stmt 0 view .LVU12
  59 0014 4361     		str	r3, [r0, #20]
  47:Core/Src/can.c ****   hcan1.Init.TimeTriggeredMode = DISABLE;
  60              		.loc 1 47 3 is_stmt 1 view .LVU13
  61              		.loc 1 47 32 is_stmt 0 view .LVU14
  62 0016 0376     		strb	r3, [r0, #24]
  48:Core/Src/can.c ****   hcan1.Init.AutoBusOff = DISABLE;
  63              		.loc 1 48 3 is_stmt 1 view .LVU15
  64              		.loc 1 48 25 is_stmt 0 view .LVU16
  65 0018 4376     		strb	r3, [r0, #25]
  49:Core/Src/can.c ****   hcan1.Init.AutoWakeUp = DISABLE;
  66              		.loc 1 49 3 is_stmt 1 view .LVU17
ARM GAS  C:\Users\86180\AppData\Local\Temp\ccHTE8lS.s 			page 3


  67              		.loc 1 49 25 is_stmt 0 view .LVU18
  68 001a 8376     		strb	r3, [r0, #26]
  50:Core/Src/can.c ****   hcan1.Init.AutoRetransmission = DISABLE;
  69              		.loc 1 50 3 is_stmt 1 view .LVU19
  70              		.loc 1 50 33 is_stmt 0 view .LVU20
  71 001c C376     		strb	r3, [r0, #27]
  51:Core/Src/can.c ****   hcan1.Init.ReceiveFifoLocked = DISABLE;
  72              		.loc 1 51 3 is_stmt 1 view .LVU21
  73              		.loc 1 51 32 is_stmt 0 view .LVU22
  74 001e 0377     		strb	r3, [r0, #28]
  52:Core/Src/can.c ****   hcan1.Init.TransmitFifoPriority = DISABLE;
  75              		.loc 1 52 3 is_stmt 1 view .LVU23
  76              		.loc 1 52 35 is_stmt 0 view .LVU24
  77 0020 4377     		strb	r3, [r0, #29]
  53:Core/Src/can.c ****   if (HAL_CAN_Init(&hcan1) != HAL_OK)
  78              		.loc 1 53 3 is_stmt 1 view .LVU25
  79              		.loc 1 53 7 is_stmt 0 view .LVU26
  80 0022 FFF7FEFF 		bl	HAL_CAN_Init
  81              	.LVL0:
  82              		.loc 1 53 6 view .LVU27
  83 0026 00B9     		cbnz	r0, .L4
  84              	.L1:
  54:Core/Src/can.c ****   {
  55:Core/Src/can.c ****     Error_Handler();
  56:Core/Src/can.c ****   }
  57:Core/Src/can.c ****   /* USER CODE BEGIN CAN1_Init 2 */
  58:Core/Src/can.c **** 
  59:Core/Src/can.c ****   /* USER CODE END CAN1_Init 2 */
  60:Core/Src/can.c **** 
  61:Core/Src/can.c **** }
  85              		.loc 1 61 1 view .LVU28
  86 0028 08BD     		pop	{r3, pc}
  87              	.L4:
  55:Core/Src/can.c ****   }
  88              		.loc 1 55 5 is_stmt 1 view .LVU29
  89 002a FFF7FEFF 		bl	Error_Handler
  90              	.LVL1:
  91              		.loc 1 61 1 is_stmt 0 view .LVU30
  92 002e FBE7     		b	.L1
  93              	.L6:
  94              		.align	2
  95              	.L5:
  96 0030 00000000 		.word	.LANCHOR0
  97 0034 00640040 		.word	1073767424
  98              		.cfi_endproc
  99              	.LFE130:
 101              		.section	.text.MX_CAN2_Init,"ax",%progbits
 102              		.align	1
 103              		.global	MX_CAN2_Init
 104              		.syntax unified
 105              		.thumb
 106              		.thumb_func
 108              	MX_CAN2_Init:
 109              	.LFB131:
  62:Core/Src/can.c **** /* CAN2 init function */
  63:Core/Src/can.c **** void MX_CAN2_Init(void)
  64:Core/Src/can.c **** {
ARM GAS  C:\Users\86180\AppData\Local\Temp\ccHTE8lS.s 			page 4


 110              		.loc 1 64 1 is_stmt 1 view -0
 111              		.cfi_startproc
 112              		@ args = 0, pretend = 0, frame = 0
 113              		@ frame_needed = 0, uses_anonymous_args = 0
 114 0000 08B5     		push	{r3, lr}
 115              	.LCFI1:
 116              		.cfi_def_cfa_offset 8
 117              		.cfi_offset 3, -8
 118              		.cfi_offset 14, -4
  65:Core/Src/can.c **** 
  66:Core/Src/can.c ****   /* USER CODE BEGIN CAN2_Init 0 */
  67:Core/Src/can.c **** 
  68:Core/Src/can.c ****   /* USER CODE END CAN2_Init 0 */
  69:Core/Src/can.c **** 
  70:Core/Src/can.c ****   /* USER CODE BEGIN CAN2_Init 1 */
  71:Core/Src/can.c **** 
  72:Core/Src/can.c ****   /* USER CODE END CAN2_Init 1 */
  73:Core/Src/can.c ****   hcan2.Instance = CAN2;
 119              		.loc 1 73 3 view .LVU32
 120              		.loc 1 73 18 is_stmt 0 view .LVU33
 121 0002 0B48     		ldr	r0, .L11
 122 0004 0B4B     		ldr	r3, .L11+4
 123 0006 0360     		str	r3, [r0]
  74:Core/Src/can.c ****   hcan2.Init.Prescaler = 16;
 124              		.loc 1 74 3 is_stmt 1 view .LVU34
 125              		.loc 1 74 24 is_stmt 0 view .LVU35
 126 0008 1023     		movs	r3, #16
 127 000a 4360     		str	r3, [r0, #4]
  75:Core/Src/can.c ****   hcan2.Init.Mode = CAN_MODE_NORMAL;
 128              		.loc 1 75 3 is_stmt 1 view .LVU36
 129              		.loc 1 75 19 is_stmt 0 view .LVU37
 130 000c 0023     		movs	r3, #0
 131 000e 8360     		str	r3, [r0, #8]
  76:Core/Src/can.c ****   hcan2.Init.SyncJumpWidth = CAN_SJW_1TQ;
 132              		.loc 1 76 3 is_stmt 1 view .LVU38
 133              		.loc 1 76 28 is_stmt 0 view .LVU39
 134 0010 C360     		str	r3, [r0, #12]
  77:Core/Src/can.c ****   hcan2.Init.TimeSeg1 = CAN_BS1_1TQ;
 135              		.loc 1 77 3 is_stmt 1 view .LVU40
 136              		.loc 1 77 23 is_stmt 0 view .LVU41
 137 0012 0361     		str	r3, [r0, #16]
  78:Core/Src/can.c ****   hcan2.Init.TimeSeg2 = CAN_BS2_1TQ;
 138              		.loc 1 78 3 is_stmt 1 view .LVU42
 139              		.loc 1 78 23 is_stmt 0 view .LVU43
 140 0014 4361     		str	r3, [r0, #20]
  79:Core/Src/can.c ****   hcan2.Init.TimeTriggeredMode = DISABLE;
 141              		.loc 1 79 3 is_stmt 1 view .LVU44
 142              		.loc 1 79 32 is_stmt 0 view .LVU45
 143 0016 0376     		strb	r3, [r0, #24]
  80:Core/Src/can.c ****   hcan2.Init.AutoBusOff = DISABLE;
 144              		.loc 1 80 3 is_stmt 1 view .LVU46
 145              		.loc 1 80 25 is_stmt 0 view .LVU47
 146 0018 4376     		strb	r3, [r0, #25]
  81:Core/Src/can.c ****   hcan2.Init.AutoWakeUp = DISABLE;
 147              		.loc 1 81 3 is_stmt 1 view .LVU48
 148              		.loc 1 81 25 is_stmt 0 view .LVU49
 149 001a 8376     		strb	r3, [r0, #26]
ARM GAS  C:\Users\86180\AppData\Local\Temp\ccHTE8lS.s 			page 5


  82:Core/Src/can.c ****   hcan2.Init.AutoRetransmission = DISABLE;
 150              		.loc 1 82 3 is_stmt 1 view .LVU50
 151              		.loc 1 82 33 is_stmt 0 view .LVU51
 152 001c C376     		strb	r3, [r0, #27]
  83:Core/Src/can.c ****   hcan2.Init.ReceiveFifoLocked = DISABLE;
 153              		.loc 1 83 3 is_stmt 1 view .LVU52
 154              		.loc 1 83 32 is_stmt 0 view .LVU53
 155 001e 0377     		strb	r3, [r0, #28]
  84:Core/Src/can.c ****   hcan2.Init.TransmitFifoPriority = DISABLE;
 156              		.loc 1 84 3 is_stmt 1 view .LVU54
 157              		.loc 1 84 35 is_stmt 0 view .LVU55
 158 0020 4377     		strb	r3, [r0, #29]
  85:Core/Src/can.c ****   if (HAL_CAN_Init(&hcan2) != HAL_OK)
 159              		.loc 1 85 3 is_stmt 1 view .LVU56
 160              		.loc 1 85 7 is_stmt 0 view .LVU57
 161 0022 FFF7FEFF 		bl	HAL_CAN_Init
 162              	.LVL2:
 163              		.loc 1 85 6 view .LVU58
 164 0026 00B9     		cbnz	r0, .L10
 165              	.L7:
  86:Core/Src/can.c ****   {
  87:Core/Src/can.c ****     Error_Handler();
  88:Core/Src/can.c ****   }
  89:Core/Src/can.c ****   /* USER CODE BEGIN CAN2_Init 2 */
  90:Core/Src/can.c **** 
  91:Core/Src/can.c ****   /* USER CODE END CAN2_Init 2 */
  92:Core/Src/can.c **** 
  93:Core/Src/can.c **** }
 166              		.loc 1 93 1 view .LVU59
 167 0028 08BD     		pop	{r3, pc}
 168              	.L10:
  87:Core/Src/can.c ****   }
 169              		.loc 1 87 5 is_stmt 1 view .LVU60
 170 002a FFF7FEFF 		bl	Error_Handler
 171              	.LVL3:
 172              		.loc 1 93 1 is_stmt 0 view .LVU61
 173 002e FBE7     		b	.L7
 174              	.L12:
 175              		.align	2
 176              	.L11:
 177 0030 00000000 		.word	.LANCHOR1
 178 0034 00680040 		.word	1073768448
 179              		.cfi_endproc
 180              	.LFE131:
 182              		.section	.text.HAL_CAN_MspInit,"ax",%progbits
 183              		.align	1
 184              		.global	HAL_CAN_MspInit
 185              		.syntax unified
 186              		.thumb
 187              		.thumb_func
 189              	HAL_CAN_MspInit:
 190              	.LVL4:
 191              	.LFB132:
  94:Core/Src/can.c **** 
  95:Core/Src/can.c **** static uint32_t HAL_RCC_CAN1_CLK_ENABLED=0;
  96:Core/Src/can.c **** 
  97:Core/Src/can.c **** void HAL_CAN_MspInit(CAN_HandleTypeDef* canHandle)
ARM GAS  C:\Users\86180\AppData\Local\Temp\ccHTE8lS.s 			page 6


  98:Core/Src/can.c **** {
 192              		.loc 1 98 1 is_stmt 1 view -0
 193              		.cfi_startproc
 194              		@ args = 0, pretend = 0, frame = 40
 195              		@ frame_needed = 0, uses_anonymous_args = 0
 196              		.loc 1 98 1 is_stmt 0 view .LVU63
 197 0000 00B5     		push	{lr}
 198              	.LCFI2:
 199              		.cfi_def_cfa_offset 4
 200              		.cfi_offset 14, -4
 201 0002 8BB0     		sub	sp, sp, #44
 202              	.LCFI3:
 203              		.cfi_def_cfa_offset 48
  99:Core/Src/can.c **** 
 100:Core/Src/can.c ****   GPIO_InitTypeDef GPIO_InitStruct = {0};
 204              		.loc 1 100 3 is_stmt 1 view .LVU64
 205              		.loc 1 100 20 is_stmt 0 view .LVU65
 206 0004 0023     		movs	r3, #0
 207 0006 0593     		str	r3, [sp, #20]
 208 0008 0693     		str	r3, [sp, #24]
 209 000a 0793     		str	r3, [sp, #28]
 210 000c 0893     		str	r3, [sp, #32]
 211 000e 0993     		str	r3, [sp, #36]
 101:Core/Src/can.c ****   if(canHandle->Instance==CAN1)
 212              		.loc 1 101 3 is_stmt 1 view .LVU66
 213              		.loc 1 101 15 is_stmt 0 view .LVU67
 214 0010 0368     		ldr	r3, [r0]
 215              		.loc 1 101 5 view .LVU68
 216 0012 374A     		ldr	r2, .L23
 217 0014 9342     		cmp	r3, r2
 218 0016 05D0     		beq	.L19
 102:Core/Src/can.c ****   {
 103:Core/Src/can.c ****   /* USER CODE BEGIN CAN1_MspInit 0 */
 104:Core/Src/can.c **** 
 105:Core/Src/can.c ****   /* USER CODE END CAN1_MspInit 0 */
 106:Core/Src/can.c ****     /* CAN1 clock enable */
 107:Core/Src/can.c ****     HAL_RCC_CAN1_CLK_ENABLED++;
 108:Core/Src/can.c ****     if(HAL_RCC_CAN1_CLK_ENABLED==1){
 109:Core/Src/can.c ****       __HAL_RCC_CAN1_CLK_ENABLE();
 110:Core/Src/can.c ****     }
 111:Core/Src/can.c **** 
 112:Core/Src/can.c ****     __HAL_RCC_GPIOB_CLK_ENABLE();
 113:Core/Src/can.c ****     /**CAN1 GPIO Configuration
 114:Core/Src/can.c ****     PB8     ------> CAN1_RX
 115:Core/Src/can.c ****     PB9     ------> CAN1_TX
 116:Core/Src/can.c ****     */
 117:Core/Src/can.c ****     GPIO_InitStruct.Pin = GPIO_PIN_8|GPIO_PIN_9;
 118:Core/Src/can.c ****     GPIO_InitStruct.Mode = GPIO_MODE_AF_PP;
 119:Core/Src/can.c ****     GPIO_InitStruct.Pull = GPIO_NOPULL;
 120:Core/Src/can.c ****     GPIO_InitStruct.Speed = GPIO_SPEED_FREQ_VERY_HIGH;
 121:Core/Src/can.c ****     GPIO_InitStruct.Alternate = GPIO_AF9_CAN1;
 122:Core/Src/can.c ****     HAL_GPIO_Init(GPIOB, &GPIO_InitStruct);
 123:Core/Src/can.c **** 
 124:Core/Src/can.c ****   /* USER CODE BEGIN CAN1_MspInit 1 */
 125:Core/Src/can.c **** 
 126:Core/Src/can.c ****   /* USER CODE END CAN1_MspInit 1 */
 127:Core/Src/can.c ****   }
ARM GAS  C:\Users\86180\AppData\Local\Temp\ccHTE8lS.s 			page 7


 128:Core/Src/can.c ****   else if(canHandle->Instance==CAN2)
 219              		.loc 1 128 8 is_stmt 1 view .LVU69
 220              		.loc 1 128 10 is_stmt 0 view .LVU70
 221 0018 364A     		ldr	r2, .L23+4
 222 001a 9342     		cmp	r3, r2
 223 001c 2FD0     		beq	.L20
 224              	.LVL5:
 225              	.L13:
 129:Core/Src/can.c ****   {
 130:Core/Src/can.c ****   /* USER CODE BEGIN CAN2_MspInit 0 */
 131:Core/Src/can.c **** 
 132:Core/Src/can.c ****   /* USER CODE END CAN2_MspInit 0 */
 133:Core/Src/can.c ****     /* CAN2 clock enable */
 134:Core/Src/can.c ****     __HAL_RCC_CAN2_CLK_ENABLE();
 135:Core/Src/can.c ****     HAL_RCC_CAN1_CLK_ENABLED++;
 136:Core/Src/can.c ****     if(HAL_RCC_CAN1_CLK_ENABLED==1){
 137:Core/Src/can.c ****       __HAL_RCC_CAN1_CLK_ENABLE();
 138:Core/Src/can.c ****     }
 139:Core/Src/can.c **** 
 140:Core/Src/can.c ****     __HAL_RCC_GPIOB_CLK_ENABLE();
 141:Core/Src/can.c ****     /**CAN2 GPIO Configuration
 142:Core/Src/can.c ****     PB5     ------> CAN2_RX
 143:Core/Src/can.c ****     PB6     ------> CAN2_TX
 144:Core/Src/can.c ****     */
 145:Core/Src/can.c ****     GPIO_InitStruct.Pin = GPIO_PIN_5|GPIO_PIN_6;
 146:Core/Src/can.c ****     GPIO_InitStruct.Mode = GPIO_MODE_AF_PP;
 147:Core/Src/can.c ****     GPIO_InitStruct.Pull = GPIO_NOPULL;
 148:Core/Src/can.c ****     GPIO_InitStruct.Speed = GPIO_SPEED_FREQ_VERY_HIGH;
 149:Core/Src/can.c ****     GPIO_InitStruct.Alternate = GPIO_AF9_CAN2;
 150:Core/Src/can.c ****     HAL_GPIO_Init(GPIOB, &GPIO_InitStruct);
 151:Core/Src/can.c **** 
 152:Core/Src/can.c ****   /* USER CODE BEGIN CAN2_MspInit 1 */
 153:Core/Src/can.c **** 
 154:Core/Src/can.c ****   /* USER CODE END CAN2_MspInit 1 */
 155:Core/Src/can.c ****   }
 156:Core/Src/can.c **** }
 226              		.loc 1 156 1 view .LVU71
 227 001e 0BB0     		add	sp, sp, #44
 228              	.LCFI4:
 229              		.cfi_remember_state
 230              		.cfi_def_cfa_offset 4
 231              		@ sp needed
 232 0020 5DF804FB 		ldr	pc, [sp], #4
 233              	.LVL6:
 234              	.L19:
 235              	.LCFI5:
 236              		.cfi_restore_state
 107:Core/Src/can.c ****     if(HAL_RCC_CAN1_CLK_ENABLED==1){
 237              		.loc 1 107 5 is_stmt 1 view .LVU72
 107:Core/Src/can.c ****     if(HAL_RCC_CAN1_CLK_ENABLED==1){
 238              		.loc 1 107 29 is_stmt 0 view .LVU73
 239 0024 344A     		ldr	r2, .L23+8
 240 0026 1368     		ldr	r3, [r2]
 241 0028 0133     		adds	r3, r3, #1
 242 002a 1360     		str	r3, [r2]
 108:Core/Src/can.c ****       __HAL_RCC_CAN1_CLK_ENABLE();
 243              		.loc 1 108 5 is_stmt 1 view .LVU74
ARM GAS  C:\Users\86180\AppData\Local\Temp\ccHTE8lS.s 			page 8


 108:Core/Src/can.c ****       __HAL_RCC_CAN1_CLK_ENABLE();
 244              		.loc 1 108 7 is_stmt 0 view .LVU75
 245 002c 012B     		cmp	r3, #1
 246 002e 19D0     		beq	.L21
 247              	.L15:
 109:Core/Src/can.c ****     }
 248              		.loc 1 109 7 is_stmt 1 discriminator 1 view .LVU76
 112:Core/Src/can.c ****     /**CAN1 GPIO Configuration
 249              		.loc 1 112 5 discriminator 1 view .LVU77
 250              	.LBB2:
 112:Core/Src/can.c ****     /**CAN1 GPIO Configuration
 251              		.loc 1 112 5 discriminator 1 view .LVU78
 252 0030 0023     		movs	r3, #0
 253 0032 0193     		str	r3, [sp, #4]
 112:Core/Src/can.c ****     /**CAN1 GPIO Configuration
 254              		.loc 1 112 5 discriminator 1 view .LVU79
 255 0034 314B     		ldr	r3, .L23+12
 256 0036 1A6B     		ldr	r2, [r3, #48]
 257 0038 42F00202 		orr	r2, r2, #2
 258 003c 1A63     		str	r2, [r3, #48]
 112:Core/Src/can.c ****     /**CAN1 GPIO Configuration
 259              		.loc 1 112 5 discriminator 1 view .LVU80
 260 003e 1B6B     		ldr	r3, [r3, #48]
 261 0040 03F00203 		and	r3, r3, #2
 262 0044 0193     		str	r3, [sp, #4]
 112:Core/Src/can.c ****     /**CAN1 GPIO Configuration
 263              		.loc 1 112 5 discriminator 1 view .LVU81
 264 0046 019B     		ldr	r3, [sp, #4]
 265              	.LBE2:
 112:Core/Src/can.c ****     /**CAN1 GPIO Configuration
 266              		.loc 1 112 5 discriminator 1 view .LVU82
 117:Core/Src/can.c ****     GPIO_InitStruct.Mode = GPIO_MODE_AF_PP;
 267              		.loc 1 117 5 discriminator 1 view .LVU83
 117:Core/Src/can.c ****     GPIO_InitStruct.Mode = GPIO_MODE_AF_PP;
 268              		.loc 1 117 25 is_stmt 0 discriminator 1 view .LVU84
 269 0048 4FF44073 		mov	r3, #768
 270 004c 0593     		str	r3, [sp, #20]
 118:Core/Src/can.c ****     GPIO_InitStruct.Pull = GPIO_NOPULL;
 271              		.loc 1 118 5 is_stmt 1 discriminator 1 view .LVU85
 118:Core/Src/can.c ****     GPIO_InitStruct.Pull = GPIO_NOPULL;
 272              		.loc 1 118 26 is_stmt 0 discriminator 1 view .LVU86
 273 004e 0223     		movs	r3, #2
 274 0050 0693     		str	r3, [sp, #24]
 119:Core/Src/can.c ****     GPIO_InitStruct.Speed = GPIO_SPEED_FREQ_VERY_HIGH;
 275              		.loc 1 119 5 is_stmt 1 discriminator 1 view .LVU87
 120:Core/Src/can.c ****     GPIO_InitStruct.Alternate = GPIO_AF9_CAN1;
 276              		.loc 1 120 5 discriminator 1 view .LVU88
 120:Core/Src/can.c ****     GPIO_InitStruct.Alternate = GPIO_AF9_CAN1;
 277              		.loc 1 120 27 is_stmt 0 discriminator 1 view .LVU89
 278 0052 0323     		movs	r3, #3
 279 0054 0893     		str	r3, [sp, #32]
 121:Core/Src/can.c ****     HAL_GPIO_Init(GPIOB, &GPIO_InitStruct);
 280              		.loc 1 121 5 is_stmt 1 discriminator 1 view .LVU90
 121:Core/Src/can.c ****     HAL_GPIO_Init(GPIOB, &GPIO_InitStruct);
 281              		.loc 1 121 31 is_stmt 0 discriminator 1 view .LVU91
 282 0056 0923     		movs	r3, #9
 283 0058 0993     		str	r3, [sp, #36]
ARM GAS  C:\Users\86180\AppData\Local\Temp\ccHTE8lS.s 			page 9


 122:Core/Src/can.c **** 
 284              		.loc 1 122 5 is_stmt 1 discriminator 1 view .LVU92
 285 005a 05A9     		add	r1, sp, #20
 286 005c 2848     		ldr	r0, .L23+16
 287              	.LVL7:
 122:Core/Src/can.c **** 
 288              		.loc 1 122 5 is_stmt 0 discriminator 1 view .LVU93
 289 005e FFF7FEFF 		bl	HAL_GPIO_Init
 290              	.LVL8:
 291 0062 DCE7     		b	.L13
 292              	.LVL9:
 293              	.L21:
 109:Core/Src/can.c ****     }
 294              		.loc 1 109 7 is_stmt 1 view .LVU94
 295              	.LBB3:
 109:Core/Src/can.c ****     }
 296              		.loc 1 109 7 view .LVU95
 297 0064 0023     		movs	r3, #0
 298 0066 0093     		str	r3, [sp]
 109:Core/Src/can.c ****     }
 299              		.loc 1 109 7 view .LVU96
 300 0068 244B     		ldr	r3, .L23+12
 301 006a 1A6C     		ldr	r2, [r3, #64]
 302 006c 42F00072 		orr	r2, r2, #33554432
 303 0070 1A64     		str	r2, [r3, #64]
 109:Core/Src/can.c ****     }
 304              		.loc 1 109 7 view .LVU97
 305 0072 1B6C     		ldr	r3, [r3, #64]
 306 0074 03F00073 		and	r3, r3, #33554432
 307 0078 0093     		str	r3, [sp]
 109:Core/Src/can.c ****     }
 308              		.loc 1 109 7 view .LVU98
 309 007a 009B     		ldr	r3, [sp]
 310 007c D8E7     		b	.L15
 311              	.L20:
 312              	.LBE3:
 134:Core/Src/can.c ****     HAL_RCC_CAN1_CLK_ENABLED++;
 313              		.loc 1 134 5 view .LVU99
 314              	.LBB4:
 134:Core/Src/can.c ****     HAL_RCC_CAN1_CLK_ENABLED++;
 315              		.loc 1 134 5 view .LVU100
 316 007e 0023     		movs	r3, #0
 317 0080 0293     		str	r3, [sp, #8]
 134:Core/Src/can.c ****     HAL_RCC_CAN1_CLK_ENABLED++;
 318              		.loc 1 134 5 view .LVU101
 319 0082 1E4B     		ldr	r3, .L23+12
 320 0084 1A6C     		ldr	r2, [r3, #64]
 321 0086 42F08062 		orr	r2, r2, #67108864
 322 008a 1A64     		str	r2, [r3, #64]
 134:Core/Src/can.c ****     HAL_RCC_CAN1_CLK_ENABLED++;
 323              		.loc 1 134 5 view .LVU102
 324 008c 1B6C     		ldr	r3, [r3, #64]
 325 008e 03F08063 		and	r3, r3, #67108864
 326 0092 0293     		str	r3, [sp, #8]
 134:Core/Src/can.c ****     HAL_RCC_CAN1_CLK_ENABLED++;
 327              		.loc 1 134 5 view .LVU103
 328 0094 029B     		ldr	r3, [sp, #8]
ARM GAS  C:\Users\86180\AppData\Local\Temp\ccHTE8lS.s 			page 10


 329              	.LBE4:
 134:Core/Src/can.c ****     HAL_RCC_CAN1_CLK_ENABLED++;
 330              		.loc 1 134 5 view .LVU104
 135:Core/Src/can.c ****     if(HAL_RCC_CAN1_CLK_ENABLED==1){
 331              		.loc 1 135 5 view .LVU105
 135:Core/Src/can.c ****     if(HAL_RCC_CAN1_CLK_ENABLED==1){
 332              		.loc 1 135 29 is_stmt 0 view .LVU106
 333 0096 184A     		ldr	r2, .L23+8
 334 0098 1368     		ldr	r3, [r2]
 335 009a 0133     		adds	r3, r3, #1
 336 009c 1360     		str	r3, [r2]
 136:Core/Src/can.c ****       __HAL_RCC_CAN1_CLK_ENABLE();
 337              		.loc 1 136 5 is_stmt 1 view .LVU107
 136:Core/Src/can.c ****       __HAL_RCC_CAN1_CLK_ENABLE();
 338              		.loc 1 136 7 is_stmt 0 view .LVU108
 339 009e 012B     		cmp	r3, #1
 340 00a0 18D0     		beq	.L22
 341              	.L17:
 137:Core/Src/can.c ****     }
 342              		.loc 1 137 7 is_stmt 1 discriminator 1 view .LVU109
 140:Core/Src/can.c ****     /**CAN2 GPIO Configuration
 343              		.loc 1 140 5 discriminator 1 view .LVU110
 344              	.LBB5:
 140:Core/Src/can.c ****     /**CAN2 GPIO Configuration
 345              		.loc 1 140 5 discriminator 1 view .LVU111
 346 00a2 0023     		movs	r3, #0
 347 00a4 0493     		str	r3, [sp, #16]
 140:Core/Src/can.c ****     /**CAN2 GPIO Configuration
 348              		.loc 1 140 5 discriminator 1 view .LVU112
 349 00a6 154B     		ldr	r3, .L23+12
 350 00a8 1A6B     		ldr	r2, [r3, #48]
 351 00aa 42F00202 		orr	r2, r2, #2
 352 00ae 1A63     		str	r2, [r3, #48]
 140:Core/Src/can.c ****     /**CAN2 GPIO Configuration
 353              		.loc 1 140 5 discriminator 1 view .LVU113
 354 00b0 1B6B     		ldr	r3, [r3, #48]
 355 00b2 03F00203 		and	r3, r3, #2
 356 00b6 0493     		str	r3, [sp, #16]
 140:Core/Src/can.c ****     /**CAN2 GPIO Configuration
 357              		.loc 1 140 5 discriminator 1 view .LVU114
 358 00b8 049B     		ldr	r3, [sp, #16]
 359              	.LBE5:
 140:Core/Src/can.c ****     /**CAN2 GPIO Configuration
 360              		.loc 1 140 5 discriminator 1 view .LVU115
 145:Core/Src/can.c ****     GPIO_InitStruct.Mode = GPIO_MODE_AF_PP;
 361              		.loc 1 145 5 discriminator 1 view .LVU116
 145:Core/Src/can.c ****     GPIO_InitStruct.Mode = GPIO_MODE_AF_PP;
 362              		.loc 1 145 25 is_stmt 0 discriminator 1 view .LVU117
 363 00ba 6023     		movs	r3, #96
 364 00bc 0593     		str	r3, [sp, #20]
 146:Core/Src/can.c ****     GPIO_InitStruct.Pull = GPIO_NOPULL;
 365              		.loc 1 146 5 is_stmt 1 discriminator 1 view .LVU118
 146:Core/Src/can.c ****     GPIO_InitStruct.Pull = GPIO_NOPULL;
 366              		.loc 1 146 26 is_stmt 0 discriminator 1 view .LVU119
 367 00be 0223     		movs	r3, #2
 368 00c0 0693     		str	r3, [sp, #24]
 147:Core/Src/can.c ****     GPIO_InitStruct.Speed = GPIO_SPEED_FREQ_VERY_HIGH;
ARM GAS  C:\Users\86180\AppData\Local\Temp\ccHTE8lS.s 			page 11


 369              		.loc 1 147 5 is_stmt 1 discriminator 1 view .LVU120
 148:Core/Src/can.c ****     GPIO_InitStruct.Alternate = GPIO_AF9_CAN2;
 370              		.loc 1 148 5 discriminator 1 view .LVU121
 148:Core/Src/can.c ****     GPIO_InitStruct.Alternate = GPIO_AF9_CAN2;
 371              		.loc 1 148 27 is_stmt 0 discriminator 1 view .LVU122
 372 00c2 0323     		movs	r3, #3
 373 00c4 0893     		str	r3, [sp, #32]
 149:Core/Src/can.c ****     HAL_GPIO_Init(GPIOB, &GPIO_InitStruct);
 374              		.loc 1 149 5 is_stmt 1 discriminator 1 view .LVU123
 149:Core/Src/can.c ****     HAL_GPIO_Init(GPIOB, &GPIO_InitStruct);
 375              		.loc 1 149 31 is_stmt 0 discriminator 1 view .LVU124
 376 00c6 0923     		movs	r3, #9
 377 00c8 0993     		str	r3, [sp, #36]
 150:Core/Src/can.c **** 
 378              		.loc 1 150 5 is_stmt 1 discriminator 1 view .LVU125
 379 00ca 05A9     		add	r1, sp, #20
 380 00cc 0C48     		ldr	r0, .L23+16
 381              	.LVL10:
 150:Core/Src/can.c **** 
 382              		.loc 1 150 5 is_stmt 0 discriminator 1 view .LVU126
 383 00ce FFF7FEFF 		bl	HAL_GPIO_Init
 384              	.LVL11:
 385              		.loc 1 156 1 discriminator 1 view .LVU127
 386 00d2 A4E7     		b	.L13
 387              	.LVL12:
 388              	.L22:
 137:Core/Src/can.c ****     }
 389              		.loc 1 137 7 is_stmt 1 view .LVU128
 390              	.LBB6:
 137:Core/Src/can.c ****     }
 391              		.loc 1 137 7 view .LVU129
 392 00d4 0023     		movs	r3, #0
 393 00d6 0393     		str	r3, [sp, #12]
 137:Core/Src/can.c ****     }
 394              		.loc 1 137 7 view .LVU130
 395 00d8 084B     		ldr	r3, .L23+12
 396 00da 1A6C     		ldr	r2, [r3, #64]
 397 00dc 42F00072 		orr	r2, r2, #33554432
 398 00e0 1A64     		str	r2, [r3, #64]
 137:Core/Src/can.c ****     }
 399              		.loc 1 137 7 view .LVU131
 400 00e2 1B6C     		ldr	r3, [r3, #64]
 401 00e4 03F00073 		and	r3, r3, #33554432
 402 00e8 0393     		str	r3, [sp, #12]
 137:Core/Src/can.c ****     }
 403              		.loc 1 137 7 view .LVU132
 404 00ea 039B     		ldr	r3, [sp, #12]
 405 00ec D9E7     		b	.L17
 406              	.L24:
 407 00ee 00BF     		.align	2
 408              	.L23:
 409 00f0 00640040 		.word	1073767424
 410 00f4 00680040 		.word	1073768448
 411 00f8 00000000 		.word	.LANCHOR2
 412 00fc 00380240 		.word	1073887232
 413 0100 00040240 		.word	1073873920
 414              	.LBE6:
ARM GAS  C:\Users\86180\AppData\Local\Temp\ccHTE8lS.s 			page 12


 415              		.cfi_endproc
 416              	.LFE132:
 418              		.section	.text.HAL_CAN_MspDeInit,"ax",%progbits
 419              		.align	1
 420              		.global	HAL_CAN_MspDeInit
 421              		.syntax unified
 422              		.thumb
 423              		.thumb_func
 425              	HAL_CAN_MspDeInit:
 426              	.LVL13:
 427              	.LFB133:
 157:Core/Src/can.c **** 
 158:Core/Src/can.c **** void HAL_CAN_MspDeInit(CAN_HandleTypeDef* canHandle)
 159:Core/Src/can.c **** {
 428              		.loc 1 159 1 view -0
 429              		.cfi_startproc
 430              		@ args = 0, pretend = 0, frame = 0
 431              		@ frame_needed = 0, uses_anonymous_args = 0
 432              		.loc 1 159 1 is_stmt 0 view .LVU134
 433 0000 08B5     		push	{r3, lr}
 434              	.LCFI6:
 435              		.cfi_def_cfa_offset 8
 436              		.cfi_offset 3, -8
 437              		.cfi_offset 14, -4
 160:Core/Src/can.c **** 
 161:Core/Src/can.c ****   if(canHandle->Instance==CAN1)
 438              		.loc 1 161 3 is_stmt 1 view .LVU135
 439              		.loc 1 161 15 is_stmt 0 view .LVU136
 440 0002 0368     		ldr	r3, [r0]
 441              		.loc 1 161 5 view .LVU137
 442 0004 154A     		ldr	r2, .L33
 443 0006 9342     		cmp	r3, r2
 444 0008 03D0     		beq	.L31
 162:Core/Src/can.c ****   {
 163:Core/Src/can.c ****   /* USER CODE BEGIN CAN1_MspDeInit 0 */
 164:Core/Src/can.c **** 
 165:Core/Src/can.c ****   /* USER CODE END CAN1_MspDeInit 0 */
 166:Core/Src/can.c ****     /* Peripheral clock disable */
 167:Core/Src/can.c ****     HAL_RCC_CAN1_CLK_ENABLED--;
 168:Core/Src/can.c ****     if(HAL_RCC_CAN1_CLK_ENABLED==0){
 169:Core/Src/can.c ****       __HAL_RCC_CAN1_CLK_DISABLE();
 170:Core/Src/can.c ****     }
 171:Core/Src/can.c **** 
 172:Core/Src/can.c ****     /**CAN1 GPIO Configuration
 173:Core/Src/can.c ****     PB8     ------> CAN1_RX
 174:Core/Src/can.c ****     PB9     ------> CAN1_TX
 175:Core/Src/can.c ****     */
 176:Core/Src/can.c ****     HAL_GPIO_DeInit(GPIOB, GPIO_PIN_8|GPIO_PIN_9);
 177:Core/Src/can.c **** 
 178:Core/Src/can.c ****   /* USER CODE BEGIN CAN1_MspDeInit 1 */
 179:Core/Src/can.c **** 
 180:Core/Src/can.c ****   /* USER CODE END CAN1_MspDeInit 1 */
 181:Core/Src/can.c ****   }
 182:Core/Src/can.c ****   else if(canHandle->Instance==CAN2)
 445              		.loc 1 182 8 is_stmt 1 view .LVU138
 446              		.loc 1 182 10 is_stmt 0 view .LVU139
 447 000a 154A     		ldr	r2, .L33+4
ARM GAS  C:\Users\86180\AppData\Local\Temp\ccHTE8lS.s 			page 13


 448 000c 9342     		cmp	r3, r2
 449 000e 10D0     		beq	.L32
 450              	.LVL14:
 451              	.L25:
 183:Core/Src/can.c ****   {
 184:Core/Src/can.c ****   /* USER CODE BEGIN CAN2_MspDeInit 0 */
 185:Core/Src/can.c **** 
 186:Core/Src/can.c ****   /* USER CODE END CAN2_MspDeInit 0 */
 187:Core/Src/can.c ****     /* Peripheral clock disable */
 188:Core/Src/can.c ****     __HAL_RCC_CAN2_CLK_DISABLE();
 189:Core/Src/can.c ****     HAL_RCC_CAN1_CLK_ENABLED--;
 190:Core/Src/can.c ****     if(HAL_RCC_CAN1_CLK_ENABLED==0){
 191:Core/Src/can.c ****       __HAL_RCC_CAN1_CLK_DISABLE();
 192:Core/Src/can.c ****     }
 193:Core/Src/can.c **** 
 194:Core/Src/can.c ****     /**CAN2 GPIO Configuration
 195:Core/Src/can.c ****     PB5     ------> CAN2_RX
 196:Core/Src/can.c ****     PB6     ------> CAN2_TX
 197:Core/Src/can.c ****     */
 198:Core/Src/can.c ****     HAL_GPIO_DeInit(GPIOB, GPIO_PIN_5|GPIO_PIN_6);
 199:Core/Src/can.c **** 
 200:Core/Src/can.c ****   /* USER CODE BEGIN CAN2_MspDeInit 1 */
 201:Core/Src/can.c **** 
 202:Core/Src/can.c ****   /* USER CODE END CAN2_MspDeInit 1 */
 203:Core/Src/can.c ****   }
 204:Core/Src/can.c **** }
 452              		.loc 1 204 1 view .LVU140
 453 0010 08BD     		pop	{r3, pc}
 454              	.LVL15:
 455              	.L31:
 167:Core/Src/can.c ****     if(HAL_RCC_CAN1_CLK_ENABLED==0){
 456              		.loc 1 167 5 is_stmt 1 view .LVU141
 167:Core/Src/can.c ****     if(HAL_RCC_CAN1_CLK_ENABLED==0){
 457              		.loc 1 167 29 is_stmt 0 view .LVU142
 458 0012 144A     		ldr	r2, .L33+8
 459 0014 1368     		ldr	r3, [r2]
 460 0016 013B     		subs	r3, r3, #1
 461 0018 1360     		str	r3, [r2]
 168:Core/Src/can.c ****       __HAL_RCC_CAN1_CLK_DISABLE();
 462              		.loc 1 168 5 is_stmt 1 view .LVU143
 168:Core/Src/can.c ****       __HAL_RCC_CAN1_CLK_DISABLE();
 463              		.loc 1 168 7 is_stmt 0 view .LVU144
 464 001a 23B9     		cbnz	r3, .L27
 169:Core/Src/can.c ****     }
 465              		.loc 1 169 7 is_stmt 1 view .LVU145
 466 001c 124A     		ldr	r2, .L33+12
 467 001e 136C     		ldr	r3, [r2, #64]
 468 0020 23F00073 		bic	r3, r3, #33554432
 469 0024 1364     		str	r3, [r2, #64]
 470              	.L27:
 176:Core/Src/can.c **** 
 471              		.loc 1 176 5 view .LVU146
 472 0026 4FF44071 		mov	r1, #768
 473 002a 1048     		ldr	r0, .L33+16
 474              	.LVL16:
 176:Core/Src/can.c **** 
 475              		.loc 1 176 5 is_stmt 0 view .LVU147
ARM GAS  C:\Users\86180\AppData\Local\Temp\ccHTE8lS.s 			page 14


 476 002c FFF7FEFF 		bl	HAL_GPIO_DeInit
 477              	.LVL17:
 478 0030 EEE7     		b	.L25
 479              	.LVL18:
 480              	.L32:
 188:Core/Src/can.c ****     HAL_RCC_CAN1_CLK_ENABLED--;
 481              		.loc 1 188 5 is_stmt 1 view .LVU148
 482 0032 02F5E832 		add	r2, r2, #118784
 483 0036 136C     		ldr	r3, [r2, #64]
 484 0038 23F08063 		bic	r3, r3, #67108864
 485 003c 1364     		str	r3, [r2, #64]
 189:Core/Src/can.c ****     if(HAL_RCC_CAN1_CLK_ENABLED==0){
 486              		.loc 1 189 5 view .LVU149
 189:Core/Src/can.c ****     if(HAL_RCC_CAN1_CLK_ENABLED==0){
 487              		.loc 1 189 29 is_stmt 0 view .LVU150
 488 003e 094A     		ldr	r2, .L33+8
 489 0040 1368     		ldr	r3, [r2]
 490 0042 013B     		subs	r3, r3, #1
 491 0044 1360     		str	r3, [r2]
 190:Core/Src/can.c ****       __HAL_RCC_CAN1_CLK_DISABLE();
 492              		.loc 1 190 5 is_stmt 1 view .LVU151
 190:Core/Src/can.c ****       __HAL_RCC_CAN1_CLK_DISABLE();
 493              		.loc 1 190 7 is_stmt 0 view .LVU152
 494 0046 23B9     		cbnz	r3, .L29
 191:Core/Src/can.c ****     }
 495              		.loc 1 191 7 is_stmt 1 view .LVU153
 496 0048 074A     		ldr	r2, .L33+12
 497 004a 136C     		ldr	r3, [r2, #64]
 498 004c 23F00073 		bic	r3, r3, #33554432
 499 0050 1364     		str	r3, [r2, #64]
 500              	.L29:
 198:Core/Src/can.c **** 
 501              		.loc 1 198 5 view .LVU154
 502 0052 6021     		movs	r1, #96
 503 0054 0548     		ldr	r0, .L33+16
 504              	.LVL19:
 198:Core/Src/can.c **** 
 505              		.loc 1 198 5 is_stmt 0 view .LVU155
 506 0056 FFF7FEFF 		bl	HAL_GPIO_DeInit
 507              	.LVL20:
 508              		.loc 1 204 1 view .LVU156
 509 005a D9E7     		b	.L25
 510              	.L34:
 511              		.align	2
 512              	.L33:
 513 005c 00640040 		.word	1073767424
 514 0060 00680040 		.word	1073768448
 515 0064 00000000 		.word	.LANCHOR2
 516 0068 00380240 		.word	1073887232
 517 006c 00040240 		.word	1073873920
 518              		.cfi_endproc
 519              	.LFE133:
 521              		.global	hcan2
 522              		.global	hcan1
 523              		.section	.bss.HAL_RCC_CAN1_CLK_ENABLED,"aw",%nobits
 524              		.align	2
 525              		.set	.LANCHOR2,. + 0
ARM GAS  C:\Users\86180\AppData\Local\Temp\ccHTE8lS.s 			page 15


 528              	HAL_RCC_CAN1_CLK_ENABLED:
 529 0000 00000000 		.space	4
 530              		.section	.bss.hcan1,"aw",%nobits
 531              		.align	2
 532              		.set	.LANCHOR0,. + 0
 535              	hcan1:
 536 0000 00000000 		.space	40
 536      00000000 
 536      00000000 
 536      00000000 
 536      00000000 
 537              		.section	.bss.hcan2,"aw",%nobits
 538              		.align	2
 539              		.set	.LANCHOR1,. + 0
 542              	hcan2:
 543 0000 00000000 		.space	40
 543      00000000 
 543      00000000 
 543      00000000 
 543      00000000 
 544              		.text
 545              	.Letext0:
 546              		.file 2 "c:\\program files (x86)\\gnu arm embedded toolchain\\10 2021.10\\arm-none-eabi\\include\\
 547              		.file 3 "c:\\program files (x86)\\gnu arm embedded toolchain\\10 2021.10\\arm-none-eabi\\include\\
 548              		.file 4 "Drivers/CMSIS/Device/ST/STM32F4xx/Include/stm32f407xx.h"
 549              		.file 5 "Drivers/CMSIS/Device/ST/STM32F4xx/Include/stm32f4xx.h"
 550              		.file 6 "Drivers/STM32F4xx_HAL_Driver/Inc/stm32f4xx_hal_def.h"
 551              		.file 7 "Drivers/STM32F4xx_HAL_Driver/Inc/stm32f4xx_hal_gpio.h"
 552              		.file 8 "Drivers/STM32F4xx_HAL_Driver/Inc/stm32f4xx_hal_can.h"
 553              		.file 9 "Core/Inc/can.h"
 554              		.file 10 "Core/Inc/main.h"
ARM GAS  C:\Users\86180\AppData\Local\Temp\ccHTE8lS.s 			page 16


DEFINED SYMBOLS
                            *ABS*:00000000 can.c
C:\Users\86180\AppData\Local\Temp\ccHTE8lS.s:20     .text.MX_CAN1_Init:00000000 $t
C:\Users\86180\AppData\Local\Temp\ccHTE8lS.s:26     .text.MX_CAN1_Init:00000000 MX_CAN1_Init
C:\Users\86180\AppData\Local\Temp\ccHTE8lS.s:96     .text.MX_CAN1_Init:00000030 $d
C:\Users\86180\AppData\Local\Temp\ccHTE8lS.s:102    .text.MX_CAN2_Init:00000000 $t
C:\Users\86180\AppData\Local\Temp\ccHTE8lS.s:108    .text.MX_CAN2_Init:00000000 MX_CAN2_Init
C:\Users\86180\AppData\Local\Temp\ccHTE8lS.s:177    .text.MX_CAN2_Init:00000030 $d
C:\Users\86180\AppData\Local\Temp\ccHTE8lS.s:183    .text.HAL_CAN_MspInit:00000000 $t
C:\Users\86180\AppData\Local\Temp\ccHTE8lS.s:189    .text.HAL_CAN_MspInit:00000000 HAL_CAN_MspInit
C:\Users\86180\AppData\Local\Temp\ccHTE8lS.s:409    .text.HAL_CAN_MspInit:000000f0 $d
C:\Users\86180\AppData\Local\Temp\ccHTE8lS.s:419    .text.HAL_CAN_MspDeInit:00000000 $t
C:\Users\86180\AppData\Local\Temp\ccHTE8lS.s:425    .text.HAL_CAN_MspDeInit:00000000 HAL_CAN_MspDeInit
C:\Users\86180\AppData\Local\Temp\ccHTE8lS.s:513    .text.HAL_CAN_MspDeInit:0000005c $d
C:\Users\86180\AppData\Local\Temp\ccHTE8lS.s:542    .bss.hcan2:00000000 hcan2
C:\Users\86180\AppData\Local\Temp\ccHTE8lS.s:535    .bss.hcan1:00000000 hcan1
C:\Users\86180\AppData\Local\Temp\ccHTE8lS.s:524    .bss.HAL_RCC_CAN1_CLK_ENABLED:00000000 $d
C:\Users\86180\AppData\Local\Temp\ccHTE8lS.s:528    .bss.HAL_RCC_CAN1_CLK_ENABLED:00000000 HAL_RCC_CAN1_CLK_ENABLED
C:\Users\86180\AppData\Local\Temp\ccHTE8lS.s:531    .bss.hcan1:00000000 $d
C:\Users\86180\AppData\Local\Temp\ccHTE8lS.s:538    .bss.hcan2:00000000 $d

UNDEFINED SYMBOLS
HAL_CAN_Init
Error_Handler
HAL_GPIO_Init
HAL_GPIO_DeInit
