make.exe all --print-data-base --no-builtin-variables --no-builtin-rules --question
# GNU Make 4.2.1
# Built for x86_64-w64-mingw32
# Copyright (C) 1988-2016 Free Software Foundation, Inc.
# License GPLv3+: GNU GPL version 3 or later <http://gnu.org/licenses/gpl.html>
# This is free software: you are free to change and redistribute it.
# There is NO WARRANTY, to the extent permitted by law.
 

# Make data base, printed on Wed May 11 00:20:01 2022

# Variables

# 'override' directive
GNUMAKEFLAGS := 
# automatic
<D = $(patsubst %/,%,$(patsubst %\,%,$(dir $<)))
# automatic
?F = $(notdir $?)
# default
.SHELLFLAGS := -c
# makefile (from 'Makefile', line 165)
LDSCRIPT = STM32F407IGHx_FLASH.ld
# makefile
MAKEFLAGS = pqrR
# environment
VSCODE_LOG_NATIVE = false
# makefile (from 'Makefile', line 16)
TARGET = kumiko
# automatic
?D = $(patsubst %/,%,$(patsubst %\,%,$(dir $?)))
# makefile (from 'Makefile', line 123)
AS_DEFS = 
# makefile (from 'Makefile', line 132)
AS_INCLUDES = -ICore\Inc
# automatic
@D = $(patsubst %/,%,$(patsubst %\,%,$(dir $@)))
# environment
HOMEDRIVE = C:
# automatic
@F = $(notdir $@)
# automatic
^D = $(patsubst %/,%,$(patsubst %\,%,$(dir $^)))
# makefile
CURDIR := c:/Users/86180/Desktop/kumiko
# default
SHELL := C:/xpack-windows-build-tools-4.2.1-2/bin/sh.exe
# makefile (from 'Makefile', line 104)
BIN = $(CP) -O binary -S
# environment
OA_PLUGIN_PATH = C:\Cadence\Cadence_SPB_16.6\Share\oaPlugIns
# environment
WINDIR = C:\WINDOWS
# environment
VSCODE_NLS_CONFIG = {"locale":"zh-cn","availableLanguages":{"*":"zh-cn"},"_languagePackId":"2d459c3c1e4312b6770e21efe80cc342.zh-cn","_translationsConfigFile":"C:\\Users\\86180\\AppData\\Roaming\\Code\\clp\\2d459c3c1e4312b6770e21efe80cc342.zh-cn\\tcf.json","_cacheRoot":"C:\\Users\\86180\\AppData\\Roaming\\Code\\clp\\2d459c3c1e4312b6770e21efe80cc342.zh-cn","_resolvedLanguagePackCoreLocation":"C:\\Users\\86180\\AppData\\Roaming\\Code\\clp\\2d459c3c1e4312b6770e21efe80cc342.zh-cn\\57fd6d0195bb9b9d1b49f6da5db789060795de47","_corruptedFile":"C:\\Users\\86180\\AppData\\Roaming\\Code\\clp\\2d459c3c1e4312b6770e21efe80cc342.zh-cn\\corrupted.info","_languagePackSupport":true}
# makefile (from 'Makefile', line 101)
SZ = $(PREFIX)size
# makefile (from 'Makefile', line 158)
CFLAGS = $(MCU) $(C_DEFS) $(C_INCLUDES) $(OPT) -Wall -fdata-sections -ffunction-sections -g -gdwarf-2 -MMD -MP -MF"$(@:%.o=%.d)"
# environment
ONEDRIVE = C:\Users\86180\OneDrive
# environment
PATHEXT = .COM;.EXE;.BAT;.CMD;.VBS;.VBE;.JS;.JSE;.WSF;.WSH;.MSC
# makefile (from 'Makefile', line 1)
MAKEFILE_LIST :=  Makefile
# makefile (from 'Makefile', line 100)
CP = $(PREFIX)objcopy
# makefile (from 'Makefile', line 23)
DEBUG = 1
# environment
TMP = C:\Users\86180\AppData\Local\Temp
# environment
VSCODE_VERBOSE_LOGGING = true
# makefile (from 'Makefile', line 99)
AS = $(PREFIX)gcc -x assembler-with-cpp
# environment
PROGRAMW6432 = C:\Program Files
# environment
PROGRAMDATA = C:\ProgramData
# environment
VSCODE_IPC_HOOK_EXTHOST = \\.\pipe\vscode-ipc-206d3752-e2ef-41d6-9855-474eec450646-sock
# environment
CDSROOT = C:\Cadence\Cadence_SPB_16.6
# environment
VSCODE_CWD = C:\Users\86180\AppData\Local\Programs\Microsoft VS Code
# environment
CDS_LIC_ONLY = 1
# default
MAKE_HOST := x86_64-w64-mingw32
# environment
PATH = C:\Program Files\Common Files\Oracle\Java\javapath;C:\Windows\system32;C:\Windows;C:\Windows\System32\Wbem;C:\Windows\System32\WindowsPowerShell\v1.0\;C:\Windows\System32\OpenSSH\;C:\Program Files\NVIDIA Corporation\NVIDIA NvDLISR;C:\WINDOWS\system32;C:\WINDOWS;C:\WINDOWS\System32\Wbem;C:\WINDOWS\System32\WindowsPowerShell\v1.0\;C:\WINDOWS\System32\OpenSSH\;C:\Program Files (x86)\Windows Kits\8.1\Windows Performance Toolkit\;C:\Program Files\dotnet\;C:\Program Files\Git\cmd;C:\Cadence\Cadence_SPB_16.6\openaccess\bin\win32\opt;C:\Cadence\Cadence_SPB_16.6\tools\capture;C:\Cadence\Cadence_SPB_16.6\tools\pspice;C:\Cadence\Cadence_SPB_16.6\tools\specctra\bin;C:\Cadence\Cadence_SPB_16.6\tools\fet\bin;C:\Cadence\Cadence_SPB_16.6\tools\libutil\bin;C:\Cadence\Cadence_SPB_16.6\tools\bin;C:\Cadence\Cadence_SPB_16.6\tools\pcb\bin;C:\Program Files (x86)\GNU Arm Embedded Toolchain\10 2021.10\bin;C:\Users\86180\AppData\Local\Microsoft\WindowsApps;C:\Program Files\Bandizip\;C:\Users\86180\AppData\Local\Programs\Microsoft VS Code\bin;C:\Users\86180\.dotnet\tools;C:\xpack-windows-build-tools-4.2.1-2\bin
# environment
COMMONPROGRAMW6432 = C:\Program Files\Common Files
# environment
ZES_ENABLE_SYSMAN = 1
# environment
CONCEPT_INST_DIR = C:\Cadence\Cadence_SPB_16.6
# environment
PROCESSOR_ARCHITECTURE = AMD64
# environment
USERPROFILE = C:\Users\86180
# environment
ALLUSERSPROFILE = C:\ProgramData
# environment
VSCODE_LOG_STACK = false
# environment
NUMBER_OF_PROCESSORS = 12
# environment
ELECTRON_RUN_AS_NODE = 1
# makefile (from 'Makefile', line 170)
LDFLAGS = $(MCU) -specs=nano.specs -T$(LDSCRIPT) $(LIBDIR) $(LIBS) -Wl,-Map=$(BUILD_DIR)/$(TARGET).map,--cref -Wl,--gc-sections
# default
.FEATURES := target-specific order 
-only second-expansion else-if shortest-stem undefine oneshell archives jobserver output-sync
# automatic
%F = $(notdir $%)
# environment
CHROME_CRASHPAD_PIPE_NAME = \\.\pipe\crashpad_5420_CUZKSTPFUBMIBXRB
# makefile (from 'Makefile', line 82)
ASM_SOURCES = startup_stm32f407xx.s
# makefile (from 'Makefile', line 25)
OPT = -Og
# environment
VSCODE_PIPE_LOGGING = true
# environment
CHDL_LIB_INST_DIR = C:\Cadence\Cadence_SPB_16.6
# environment
COMPUTERNAME = DESKTOP-TNMGPVQ
# environment
PROGRAMFILES = C:\Program Files
# default
.LOADED := 
# environment
DRIVERDATA = C:\Windows\System32\Drivers\DriverData
# environment
ORIGINAL_XDG_CURRENT_DESKTOP = undefined
# environment
USERNAME = 86180
# environment
PUBLIC = C:\Users\Public
# environment
VSCODE_AMD_ENTRYPOINT = vs/workbench/api/node/extensionHostProcess
# environment
HOME = C:\Cadence\SPB_Data
# environment
VSCODE_CODE_CACHE_PATH = C:\Users\86180\AppData\Roaming\Code\CachedData\57fd6d0195bb9b9d1b49f6da5db789060795de47
# environment
APPLICATION_INSIGHTS_NO_DIAGNOSTIC_CHANNEL = 1
# environment
COMMONPROGRAMFILES = C:\Program Files\Common Files
# environment
LOGONSERVER = \\DESKTOP-TNMGPVQ
# makefile (from 'Makefile', line 89)
PREFIX = arm-none-eabi-
# environment
CDS_LIC_FILE = C:\Cadence\LicenseManager\license.dat
# environment
ONEDRIVECONSUMER = C:\Users\86180\OneDrive
# environment
VSCODE_HANDLES_UNCAUGHT_ERRORS = true
# environment
USERDOMAIN = DESKTOP-TNMGPVQ
# makefile (from 'Makefile', line 126)
C_DEFS = -DUSE_HAL_DRIVER -DSTM32F407xx
# environment
MAKELEVEL := 0
# makefile (from 'Makefile', line 119)
MCU = $(CPU) -mthumb $(FPU) $(FLOAT-ABI)
# makefile (from 'Makefile', line 136)
C_INCLUDES = -ICore/Inc -IDrivers/STM32F4xx_HAL_Driver/Inc -IDrivers/STM32F4xx_HAL_Driver/Inc/Legacy -IMiddlewares/Third_Party/FreeRTOS/Source/include -IMiddlewares/Third_Party/FreeRTOS/Source/CMSIS_RTOS_V2 -IMiddlewares/Third_Party/FreeRTOS/Source/portable/GCC/ARM_CM4F -IDrivers/CMSIS/Device/ST/STM32F4xx/Include -IDrivers/CMSIS/Include
# default
MAKE = $(MAKE_COMMAND)
# default
MAKECMDGOALS := all
# makefile (from 'Makefile', line 116)
FLOAT-ABI = -mfloat-abi=hard
# makefile (from 'Makefile', line 103)
HEX = $(CP) -O ihex
# makefile (from 'Makefile', line 98)
CC = $(PREFIX)gcc
# makefile (from 'Makefile', line 32)
BUILD_DIR = build
# makefile (from 'Makefile', line 148)
ASFLAGS = $(MCU) $(AS_DEFS) $(AS_INCLUDES) $(OPT) -Wall -fdata-sections -ffunction-sections
# default
MAKE_VERSION := 4.2.1
# makefile
.DEFAULT_GOAL := all
# environment
PROGRAMFILES(X86) = C:\Program Files (x86)
# automatic
%D = $(patsubst %/,%,$(patsubst %\,%,$(dir $%)))
# makefile (from 'Makefile', line 110)
CPU = -mcpu=cortex-m4
# makefile (from 'Makefile', line 113)
FPU = -mfpu=fpv4-sp-d16
# environment
LOCALAPPDATA = C:\Users\86180\AppData\Local
# environment
PSMODULEPATH = C:\Program Files\WindowsPowerShell\Modules;C:\WINDOWS\system32\WindowsPowerShell\v1.0\Modules
# default
MAKE_COMMAND := make.exe
# makefile (from 'Makefile', line 169)
LIBDIR = 
# default
.VARIABLES := 
# automatic
*F = $(notdir $*)
# environment
PROCESSOR_IDENTIFIER = Intel64 Family 6 Model 158 Stepping 10, GenuineIntel
# environment
OS = Windows_NT
# environment
VSCODE_IPC_HOOK = \\.\pipe\d517a77af271bba7edda59523acd2f79-1.67.0-main-sock
# environment
HOMEPATH = \Users\86180
# environment
COMMONPROGRAMFILES(X86) = C:\Program Files (x86)\Common Files
# environment
PROMPT = $P$G
# environment
MFLAGS = -pqrR
# automatic
*D = $(patsubst %/,%,$(patsubst %\,%,$(dir $*)))
# environment
SYSTEMROOT = C:\WINDOWS
# automatic
+D = $(patsubst %/,%,$(patsubst %\,%,$(dir $+)))
# automatic
+F = $(notdir $+)
# environment
APPDATA = C:\Users\86180\AppData\Roaming
# environment
__COMPAT_LAYER = DetectorsMessageBoxErrors
# environment
TEMP = C:\Users\86180\AppData\Local\Temp
# environment
COMSPEC = C:\WINDOWS\system32\cmd.exe
# default
MAKEFILES := 
# automatic
<F = $(notdir $<)
# environment
LC_ALL = C
# makefile (from 'Makefile', line 168)
LIBS = -lc -lm -lnosys 
# automatic
^F = $(notdir $^)
# makefile (from 'Makefile', line 38)
C_SOURCES = Core/Src/main.c Core/Src/gpio.c Core/Src/freertos.c Core/Src/can.c Core/Src/crc.c Core/Src/rng.c Core/Src/tim.c Core/Src/usart.c Core/Src/stm32f4xx_it.c Core/Src/stm32f4xx_hal_msp.c Core/Src/stm32f4xx_hal_timebase_tim.c Drivers/STM32F4xx_HAL_Driver/Src/stm32f4xx_hal_can.c Drivers/STM32F4xx_HAL_Driver/Src/stm32f4xx_hal_rcc.c Drivers/STM32F4xx_HAL_Driver/Src/stm32f4xx_hal_rcc_ex.c Drivers/STM32F4xx_HAL_Driver/Src/stm32f4xx_hal_flash.c Drivers/STM32F4xx_HAL_Driver/Src/stm32f4xx_hal_flash_ex.c Drivers/STM32F4xx_HAL_Driver/Src/stm32f4xx_hal_flash_ramfunc.c Drivers/STM32F4xx_HAL_Driver/Src/stm32f4xx_hal_gpio.c Drivers/STM32F4xx_HAL_Driver/Src/stm32f4xx_hal_dma_ex.c Drivers/STM32F4xx_HAL_Driver/Src/stm32f4xx_hal_dma.c Drivers/STM32F4xx_HAL_Driver/Src/stm32f4xx_hal_pwr.c Drivers/STM32F4xx_HAL_Driver/Src/stm32f4xx_hal_pwr_ex.c Drivers/STM32F4xx_HAL_Driver/Src/stm32f4xx_hal_cortex.c Drivers/STM32F4xx_HAL_Driver/Src/stm32f4xx_hal.c Drivers/STM32F4xx_HAL_Driver/Src/stm32f4xx_hal_exti.c Drivers/STM32F4xx_HAL_Driver/Src/stm32f4xx_hal_crc.c Drivers/STM32F4xx_HAL_Driver/Src/stm32f4xx_hal_rng.c Drivers/STM32F4xx_HAL_Driver/Src/stm32f4xx_hal_tim.c Drivers/STM32F4xx_HAL_Driver/Src/stm32f4xx_hal_tim_ex.c Drivers/STM32F4xx_HAL_Driver/Src/stm32f4xx_hal_uart.c Core/Src/system_stm32f4xx.c Middlewares/Third_Party/FreeRTOS/Source/croutine.c Middlewares/Third_Party/FreeRTOS/Source/event_groups.c Middlewares/Third_Party/FreeRTOS/Source/list.c Middlewares/Third_Party/FreeRTOS/Source/queue.c Middlewares/Third_Party/FreeRTOS/Source/stream_buffer.c Middlewares/Third_Party/FreeRTOS/Source/tasks.c Middlewares/Third_Party/FreeRTOS/Source/timers.c Middlewares/Third_Party/FreeRTOS/Source/CMSIS_RTOS_V2/cmsis_os2.c Middlewares/Third_Party/FreeRTOS/Source/portable/MemMang/heap_4.c Middlewares/Third_Party/FreeRTOS/Source/portable/GCC/ARM_CM4F/port.c  
# default
SUFFIXES := 
# environment
SYSTEMDRIVE = C:
# environment
SESSIONNAME = Console
# environment
PROCESSOR_REVISION = 9e0a
# default
.RECIPEPREFIX := 
# makefile (from 'Makefile', line 183)
OBJECTS = $(addprefix $(BUILD_DIR)/,$(notdir $(C_SOURCES:.c=.o))) $(addprefix $(BUILD_DIR)/,$(notdir $(ASM_SOURCES:.s=.o)))
# environment
LANG = C
# environment
PROCESSOR_LEVEL = 6
# environment
VSCODE_PID = 5420
# environment
USERDOMAIN_ROAMINGPROFILE = DESKTOP-TNMGPVQ
# variable set hash-table stats:
# Load=128/1024=13%, Rehash=0, Collisions=18/186=10%

# Pattern-specific Variable Values

# No pattern-specific variable values.

# Directories

# . (key c:/Users/86180/Desktop/kumiko, mtime 1652199168): 11 files, no impossibilities.
# Middlewares/Third_Party/FreeRTOS/Source/portable/GCC/ARM_CM4F (key c:/Users/86180/Desktop/kumiko/Middlewares/Third_Party/FreeRTOS/Source/portable/GCC/ARM_CM4F, mtime 1652199135): No files, no impossibilities so far.
# build: could not be stat'd.
# Middlewares/Third_Party/FreeRTOS/Source (key c:/Users/86180/Desktop/kumiko/Middlewares/Third_Party/FreeRTOS/Source, mtime 1652199135): No files, no impossibilities so far.
# Middlewares/Third_Party/FreeRTOS/Source/CMSIS_RTOS_V2 (key c:/Users/86180/Desktop/kumiko/Middlewares/Third_Party/FreeRTOS/Source/CMSIS_RTOS_V2, mtime 1652199135): No files, no impossibilities so far.
# Middlewares/Third_Party/FreeRTOS/Source/portable/MemMang (key c:/Users/86180/Desktop/kumiko/Middlewares/Third_Party/FreeRTOS/Source/portable/MemMang, mtime 1652199135): No files, no impossibilities so far.
# Core/Src (key c:/Users/86180/Desktop/kumiko/Core/Src, mtime 1652199135): 7 files, no impossibilities so far.
# Drivers/STM32F4xx_HAL_Driver/Src (key c:/Users/86180/Desktop/kumiko/Drivers/STM32F4xx_HAL_Driver/Src, mtime 1652199135): No files, no impossibilities so far.

# 18 files, no impossibilities in 8 directories.

# Implicit Rules

build/%.o: %.c Makefile | build
#  recipe to execute (from 'Makefile', line 187):
	$(CC) -c $(CFLAGS) -Wa,-a,-ad,-alms=$(BUILD_DIR)/$(notdir $(<:.c=.lst)) $< -o $@

build/%.o: %.s Makefile | build
#  recipe to execute (from 'Makefile', line 190):
	$(AS) -c $(CFLAGS) $< -o $@

build/%.hex: build/%.elf | build
#  recipe to execute (from 'Makefile', line 197):
	$(HEX) $< $@
	

build/%.bin: build/%.elf | build
#  recipe to execute (from 'Makefile', line 200):
	$(BIN) $< $@	
	

# 4 implicit rules, 0 (0.0%) terminal.

# Files

# Not a target:
build/crc.o:
#  Implicit rule search has not been done.
#  Modification time never checked.
#  File has not been updated.

# Not a target:
build/stm32f4xx_hal_pwr_ex.o:
#  Implicit rule search has not been done.
#  Modification time never checked.
#  File has not been updated.

build/main.o: Core/Src/main.c Makefile | build
#  Implicit rule search has been done.
#  Implicit/static pattern stem: 'main'
#  File does not exist.
#  File has been updated.
#  Needs to be updated (-q is set).
# variable set hash-table stats:
# Load=0/32=0%, Rehash=0, Collisions=0/3=0%
#  recipe to execute (from 'Makefile', line 187):
	$(CC) -c $(CFLAGS) -Wa,-a,-ad,-alms=$(BUILD_DIR)/$(notdir $(<:.c=.lst)) $< -o $@

# Not a target:
build/stm32f4xx_hal_cortex.o:
#  Implicit rule search has not been done.
#  Modification time never checked.
#  File has not been updated.

# Not a target:
build/tim.o:
#  Implicit rule search has not been done.
#  Modification time never checked.
#  File has not been updated.

all: build/kumiko.elf build/kumiko.hex build/kumiko.bin
#  Command line target.
#  Implicit rule search has been done.
#  File does not exist.
#  File has been updated.
#  Needs to be updated (-q is set).
# variable set hash-table stats:
# Load=0/32=0%, Rehash=0, Collisions=0/3=0%

# Not a target:
build/stm32f4xx_hal_flash_ex.o:
#  Implicit rule search has not been done.
#  Modification time never checked.
#  File has not been updated.

# Not a target:
build/usart.o:
#  Implicit rule search has not been done.
#  Modification time never checked.
#  File has not been updated.

# Not a target:
build/heap_4.o:
#  Implicit rule search has not been done.
#  Modification time never checked.
#  File has not been updated.

# Not a target:
build/stm32f4xx_hal_dma_ex.o:
#  Implicit rule search has not been done.
#  Modification time never checked.
#  File has not been updated.

# Not a target:
build/stm32f4xx_hal_can.o:
#  Implicit rule search has not been done.
#  Modification time never checked.
#  File has not been updated.

# Not a target:
build/stm32f4xx_hal_msp.o:
#  Implicit rule search has not been done.
#  Modification time never checked.
#  File has not been updated.

# Not a target:
build/kumiko.hex:
#  Implicit rule search has not been done.
#  Modification time never checked.
#  File has not been updated.

# Not a target:
build/cmsis_os2.o:
#  Implicit rule search has not been done.
#  Modification time never checked.
#  File has not been updated.

# Not a target:
build/stm32f4xx_hal_gpio.o:
#  Implicit rule search has not been done.
#  Modification time never checked.
#  File has not been updated.

# Not a target:
build/stm32f4xx_hal.o:
#  Implicit rule search has not been done.
#  Modification time never checked.
#  File has not been updated.

# Not a target:
build/kumiko.bin:
#  Implicit rule search has not been done.
#  Modification time never checked.
#  File has not been updated.

# Not a target:
.SUFFIXES:
#  Implicit rule search has not been done.
#  Modification time never checked.
#  File has not been updated.

# Not a target:
build/stm32f4xx_hal_crc.o:
#  Implicit rule search has not been done.
#  Modification time never checked.
#  File has not been updated.

# Not a target:
Makefile:
#  Implicit rule search has been done.
#  Last modified 2022-05-11 00:12:18
#  File has been updated.
#  Successfully updated.

# Not a target:
build/event_groups.o:
#  Implicit rule search has not been done.
#  Modification time never checked.
#  File has not been updated.

# Not a target:
build/rng.o:
#  Implicit rule search has not been done.
#  Modification time never checked.
#  File has not been updated.

# Not a target:
build/gpio.o:
#  Implicit rule search has not been done.
#  Modification time never checked.
#  File has not been updated.

# Not a target:
build/stm32f4xx_hal_exti.o:
#  Implicit rule search has not been done.
#  Modification time never checked.
#  File has not been updated.

build:
#  Implicit rule search has not been done.
#  Implicit/static pattern stem: ''
#  File does not exist.
#  File has been updated.
#  Needs to be updated (-q is set).
# automatic
# @ := build
# automatic
# % := 
# automatic
# * := 
# automatic
# + := 
# automatic
# | := 
# automatic
# < := 
# automatic
# ^ := 
# automatic
# ? := 
# variable set hash-table stats:
# Load=8/32=25%, Rehash=0, Collisions=1/12=8%
#  recipe to execute (from 'Makefile', line 203):
	mkdir $@		

# Not a target:
build/stm32f4xx_hal_flash_ramfunc.o:
#  Implicit rule search has not been done.
#  Modification time never checked.
#  File has not been updated.

# Not a target:
build/stm32f4xx_hal_rng.o:
#  Implicit rule search has not been done.
#  Modification time never checked.
#  File has not been updated.

build/kumiko.elf: build/main.o build/gpio.o build/freertos.o build/can.o build/crc.o build/rng.o build/tim.o build/usart.o build/stm32f4xx_it.o build/stm32f4xx_hal_msp.o build/stm32f4xx_hal_timebase_tim.o build/stm32f4xx_hal_can.o build/stm32f4xx_hal_rcc.o build/stm32f4xx_hal_rcc_ex.o build/stm32f4xx_hal_flash.o build/stm32f4xx_hal_flash_ex.o build/stm32f4xx_hal_flash_ramfunc.o build/stm32f4xx_hal_gpio.o build/stm32f4xx_hal_dma_ex.o build/stm32f4xx_hal_dma.o build/stm32f4xx_hal_pwr.o build/stm32f4xx_hal_pwr_ex.o build/stm32f4xx_hal_cortex.o build/stm32f4xx_hal.o build/stm32f4xx_hal_exti.o build/stm32f4xx_hal_crc.o build/stm32f4xx_hal_rng.o build/stm32f4xx_hal_tim.o build/stm32f4xx_hal_tim_ex.o build/stm32f4xx_hal_uart.o build/system_stm32f4xx.o build/croutine.o build/event_groups.o build/list.o build/queue.o build/stream_buffer.o build/tasks.o build/timers.o build/cmsis_os2.o build/heap_4.o build/port.o build/startup_stm32f407xx.o Makefile
#  Implicit rule search has not been done.
#  File does not exist.
#  File has been updated.
#  Needs to be updated (-q is set).
# variable set hash-table stats:
# Load=0/32=0%, Rehash=0, Collisions=0/3=0%
#  recipe to execute (from 'Makefile', line 193):
	$(CC) $(OBJECTS) $(LDFLAGS) -o $@
	$(SZ) $@

# Not a target:
build/stm32f4xx_it.o:
#  Implicit rule search has not been done.
#  Modification time never checked.
#  File has not been updated.

# Not a target:
build/stream_buffer.o:
#  Implicit rule search has not been done.
#  Modification time never checked.
#  File has not been updated.

# Not a target:
build/queue.o:
#  Implicit rule search has not been done.
#  Modification time never checked.
#  File has not been updated.

# Not a target:
build/freertos.o:
#  Implicit rule search has not been done.
#  Modification time never checked.
#  File has not been updated.

# Not a target:
build/stm32f4xx_hal_rcc_ex.o:
#  Implicit rule search has not been done.
#  Modification time never checked.
#  File has not been updated.

# Not a target:
build/stm32f4xx_hal_rcc.o:
#  Implicit rule search has not been done.
#  Modification time never checked.
#  File has not been updated.

# Not a target:
build/system_stm32f4xx.o:
#  Implicit rule search has not been done.
#  Modification time never checked.
#  File has not been updated.

# Not a target:
build/stm32f4xx_hal_timebase_tim.o:
#  Implicit rule search has not been done.
#  Modification time never checked.
#  File has not been updated.

# Not a target:
.DEFAULT:
#  Implicit rule search has not been done.
#  Modification time never checked.
#  File has not been updated.

# Not a target:
build/stm32f4xx_hal_uart.o:
#  Implicit rule search has not been done.
#  Modification time never checked.
#  File has not been updated.

# Not a target:
build/port.o:
#  Implicit rule search has not been done.
#  Modification time never checked.
#  File has not been updated.

clean:
#  Implicit rule search has not been done.
#  Modification time never checked.
#  File has not been updated.
#  recipe to execute (from 'Makefile', line 209):
	-rm -fR $(BUILD_DIR)

# Not a target:
build/stm32f4xx_hal_tim.o:
#  Implicit rule search has not been done.
#  Modification time never checked.
#  File has not been updated.

# Not a target:
Core/Src/main.c:
#  Implicit rule search has been done.
#  Last modified 2022-05-11 00:12:15
#  File has been updated.
#  Successfully updated.

# Not a target:
build/startup_stm32f407xx.o:
#  Implicit rule search has not been done.
#  Modification time never checked.
#  File has not been updated.

# Not a target:
build/timers.o:
#  Implicit rule search has not been done.
#  Modification time never checked.
#  File has not been updated.

# Not a target:
build/stm32f4xx_hal_pwr.o:
#  Implicit rule search has not been done.
#  Modification time never checked.
#  File has not been updated.

# Not a target:
build/croutine.o:
#  Implicit rule search has not been done.
#  Modification time never checked.
#  File has not been updated.

# Not a target:
build/stm32f4xx_hal_flash.o:
#  Implicit rule search has not been done.
#  Modification time never checked.
#  File has not been updated.

# Not a target:
build/tasks.o:
#  Implicit rule search has not been done.
#  Modification time never checked.
#  File has not been updated.

# Not a target:
build/can.o:
#  Implicit rule search has not been done.
#  Modification time never checked.
#  File has not been updated.

# Not a target:
build/stm32f4xx_hal_dma.o:
#  Implicit rule search has not been done.
#  Modification time never checked.
#  File has not been updated.

# Not a target:
build/stm32f4xx_hal_tim_ex.o:
#  Implicit rule search has not been done.
#  Modification time never checked.
#  File has not been updated.

# Not a target:
build/list.o:
#  Implicit rule search has not been done.
#  Modification time never checked.
#  File has not been updated.

# files hash-table stats:
# Load=52/1024=5%, Rehash=0, Collisions=8/124=6%
# VPATH Search Paths

vpath %.c Core/Src;Drivers/STM32F4xx_HAL_Driver/Src;Middlewares/Third_Party/FreeRTOS/Source;Middlewares/Third_Party/FreeRTOS/Source/CMSIS_RTOS_V2;Middlewares/Third_Party/FreeRTOS/Source/portable/GCC/ARM_CM4F;Middlewares/Third_Party/FreeRTOS/Source/portable/MemMang

# 1 'vpath' search paths.

# No general ('VPATH' variable) search path.

# strcache buffers: 1 (0) / strings = 80 / storage = 1494 B / avg = 18 B
# current buf: size = 8162 B / used = 1494 B / count = 80 / avg = 18 B

# strcache performance: lookups = 116 / hit rate = 31%
# hash-table stats:
# Load=80/8192=1%, Rehash=0, Collisions=3/116=3%
# Finished Make data base on Wed May 11 00:20:01 2022

 
